#
# A fatal error has been detected by the Java Runtime Environment:
#
#  Internal Error (os_windows_x86.cpp:114), pid=8432, tid=8320
#  Error: guarantee(result == -1,"Unexpected result from topLevelExceptionFilter")
#
# JRE version: 6.0_17-b04
# Java VM: Java HotSpot(TM) 64-Bit Server VM (14.3-b01 mixed mode windows-amd64 )
# If you would like to submit a bug report, please visit:
#   http://java.sun.com/webapps/bugreport/crash.jsp
# The crash happened outside the Java Virtual Machine in native code.
# See problematic frame for where to report the bug.
#

---------------  T H R E A D  ---------------

Current thread (0x0000000006eaf000):  JavaThread "main" [_thread_in_native, id=8320, stack(0x00000000001f0000,0x00000000041f0000)]

Stack: [0x00000000001f0000,0x00000000041f0000]
[error occurred during error reporting (printing stack bounds), id 0xc0000005]

Java frames: (J=compiled Java code, j=interpreted, Vv=VM code)
j  com.mathworks.jmi.NativeMatlab.ProcessPendingEvents()Z+0
j  com.mathworks.jmi.NativeMatlab.processPendingEvents()Z+8
j  com.mathworks.jmi.Matlab$ProcessPendingEvents.callBooleanMethod(Ljava/lang/Object;)Z+0
j  com.mathworks.util.FactoryUtils.processPendingEvents()Z+12
j  com.mathworks.mde.desk.MLDesktop.canClose()Z+84
j  com.mathworks.mde.desk.MLDesktop$2.call()Ljava/lang/Boolean;+4
j  com.mathworks.mde.desk.MLDesktop$2.call()Ljava/lang/Object;+1
j  com.mathworks.jmi.Matlab.isOkToExit()Z+54
v  ~StubRoutines::call_stub
j  com.mathworks.jmi.NativeMatlab.SendMatlabMessage(Ljava/lang/Object;)Ljava/lang/Object;+0
j  com.mathworks.jmi.NativeMatlab.sendMatlabMessage(Ljava/lang/Object;)Ljava/lang/Object;+22
j  com.mathworks.jmi.MatlabLooper.sendMatlabMessage(Lcom/mathworks/services/message/MWMessage;)Ljava/lang/Object;+20
j  com.mathworks.jmi.Matlab.mtFevalConsoleOutput(Ljava/lang/String;[Ljava/lang/Object;I)Ljava/lang/Object;+58
j  com.mathworks.mde.desk.MLDesktop$9.run()V+14
j  com.mathworks.jmi.NativeMatlab.dispatchMTRequests(Z)V+57
v  ~StubRoutines::call_stub

---------------  P R O C E S S  ---------------

Java Threads: ( => current thread )
  0x0000000058b23000 JavaThread "Prefs Updater" daemon [_thread_blocked, id=9720, stack(0x000000002ede0000,0x000000002ee60000)]
  0x0000000059b9f800 JavaThread "Active Reference Queue Daemon" daemon [_thread_blocked, id=15440, stack(0x0000000061b90000,0x0000000061c10000)]
  0x0000000059b9d000 JavaThread "Timer-8" daemon [_thread_blocked, id=15152, stack(0x000000005c8f0000,0x000000005c970000)]
  0x0000000059b9e000 JavaThread "Timer-7" daemon [_thread_blocked, id=11660, stack(0x0000000061cf0000,0x0000000061d70000)]
  0x0000000059b9c800 JavaThread "Explorer NavigationContext request queue" [_thread_blocked, id=9928, stack(0x000000005a820000,0x000000005a8a0000)]
  0x0000000059b9b000 JavaThread "AddressBar directory emptiness poller" [_thread_blocked, id=11408, stack(0x000000005c4c0000,0x000000005c540000)]
  0x0000000059b99800 JavaThread "Timer-1" [_thread_blocked, id=4116, stack(0x0000000061a40000,0x0000000061ac0000)]
  0x0000000059b99000 JavaThread "TimerQueue" daemon [_thread_blocked, id=4948, stack(0x000000005b310000,0x000000005b390000)]
  0x0000000058ff8800 JavaThread "FelixPackageAdmin" daemon [_thread_blocked, id=3172, stack(0x00000000549f0000,0x0000000054a70000)]
  0x0000000058fa0000 JavaThread "FelixStartLevel" daemon [_thread_blocked, id=8908, stack(0x000000005aa20000,0x000000005aaa0000)]
  0x0000000059aaa000 JavaThread "FelixDispatchQueue" daemon [_thread_blocked, id=5572, stack(0x000000005a8b0000,0x000000005a930000)]
  0x0000000059b4e000 JavaThread "AWT-EventQueue-0" [_thread_blocked, id=4284, stack(0x000000002d2b0000,0x000000002d330000)]
  0x00000000599cd000 JavaThread "com.google.common.base.internal.Finalizer" daemon [_thread_blocked, id=15744, stack(0x000000005a700000,0x000000005a780000)]
  0x0000000006da9800 JavaThread "AWT-Windows" daemon [_thread_in_native, id=17136, stack(0x0000000054930000,0x00000000549b0000)]
  0x0000000006da8800 JavaThread "AWT-Shutdown" [_thread_blocked, id=13572, stack(0x000000000ff30000,0x000000000ffb0000)]
  0x000000005901f000 JavaThread "Java2D Disposer" daemon [_thread_blocked, id=14320, stack(0x0000000025160000,0x00000000251e0000)]
  0x00000000597bb800 JavaThread "Timer-0" [_thread_blocked, id=17304, stack(0x000000002d220000,0x000000002d2a0000)]
  0x00000000596a6800 JavaThread "EventMgr Dispatcher" daemon [_thread_in_native, id=14776, stack(0x0000000014eb0000,0x0000000018eb0000)]
  0x000000000fdab000 JavaThread "Low Memory Detector" daemon [_thread_blocked, id=10436, stack(0x000000001cf00000,0x000000001cf80000)]
  0x000000000fda5000 JavaThread "CompilerThread1" daemon [_thread_blocked, id=10620, stack(0x0000000088230000,0x000000008c230000)]
  0x000000000fd9e000 JavaThread "CompilerThread0" daemon [_thread_blocked, id=11508, stack(0x0000000084070000,0x0000000088070000)]
  0x000000000fd9d000 JavaThread "Attach Listener" daemon [_thread_blocked, id=4556, stack(0x000000000fac0000,0x000000000fb40000)]
  0x000000000fd3f000 JavaThread "Finalizer" daemon [_thread_blocked, id=6696, stack(0x000000000fb40000,0x000000000fbc0000)]
  0x000000000fd3a800 JavaThread "Reference Handler" daemon [_thread_blocked, id=15616, stack(0x000000000feb0000,0x000000000ff30000)]
=>0x0000000006eaf000 JavaThread "main" [_thread_in_native, id=8320, stack(0x00000000001f0000,0x00000000041f0000)]

Other Threads:
  0x000000000fd35800 VMThread [stack: 0x0000000080000000,0x0000000084000000] [id=13976]
  0x000000000fdcf800 WatcherThread [stack: 0x000000008c310000,0x0000000090310000] [id=13420]

VM state:not at safepoint (normal execution)

VM Mutex/Monitor currently owned by a thread: None

Heap
 PSYoungGen      total 24896K, used 14638K [0x0000000045630000, 0x0000000047530000, 0x0000000048730000)
  eden space 19584K, 62% used [0x0000000045630000,0x0000000046213780,0x0000000046950000)
  from space 5312K, 46% used [0x0000000047000000,0x00000000472681d0,0x0000000047530000)
  to   space 6080K, 0% used [0x0000000046950000,0x0000000046950000,0x0000000046f40000)
 PSOldGen        total 63552K, used 59210K [0x000000003c330000, 0x0000000040140000, 0x0000000045630000)
  object space 63552K, 93% used [0x000000003c330000,0x000000003fd029c0,0x0000000040140000)
 PSPermGen       total 104704K, used 62009K [0x0000000034330000, 0x000000003a970000, 0x000000003c330000)
  object space 104704K, 59% used [0x0000000034330000,0x0000000037fbe760,0x000000003a970000)

Dynamic libraries:
0x000000013fac0000 - 0x000000013faf2000 	C:\Program Files\MATLAB\R2012a\bin\win64\MATLAB.exe
0x0000000076f40000 - 0x00000000770e9000 	C:\Windows\SYSTEM32\ntdll.dll
0x0000000076cc0000 - 0x0000000076ddf000 	C:\Windows\system32\kernel32.dll
0x000007fefd5c0000 - 0x000007fefd62c000 	C:\Windows\system32\KERNELBASE.dll
0x0000000074460000 - 0x0000000074554000 	C:\Program Files\MATLAB\R2012a\bin\win64\libut.dll
0x00000000758a0000 - 0x0000000075952000 	C:\Program Files\MATLAB\R2012a\bin\win64\libmwi18n.dll
0x0000000180000000 - 0x000000018000b000 	C:\Program Files\MATLAB\R2012a\bin\win64\libmwresource_core.dll
0x0000000074200000 - 0x00000000742d3000 	C:\Windows\WinSxS\amd64_microsoft.vc90.crt_1fc8b3b9a1e18e3b_9.0.30729.6161_none_08e61857a83bc251\MSVCP90.dll
0x0000000074150000 - 0x00000000741f3000 	C:\Windows\WinSxS\amd64_microsoft.vc90.crt_1fc8b3b9a1e18e3b_9.0.30729.6161_none_08e61857a83bc251\MSVCR90.dll
0x000000007a170000 - 0x000000007a19c000 	C:\Program Files\MATLAB\R2012a\bin\win64\boost_filesystem-vc90-mt-1_44.dll
0x000000007a560000 - 0x000000007a569000 	C:\Program Files\MATLAB\R2012a\bin\win64\boost_system-vc90-mt-1_44.dll
0x000007fefedc0000 - 0x000007fefee9b000 	C:\Windows\system32\ADVAPI32.dll
0x000007fefed20000 - 0x000007fefedbf000 	C:\Windows\system32\msvcrt.dll
0x000007feff0d0000 - 0x000007feff0ef000 	C:\Windows\SYSTEM32\sechost.dll
0x000007fefefa0000 - 0x000007feff0cd000 	C:\Windows\system32\RPCRT4.dll
0x000000007a010000 - 0x000000007a035000 	C:\Program Files\MATLAB\R2012a\bin\win64\LIBEXPAT.dll
0x0000000072f40000 - 0x0000000073131000 	C:\Program Files\MATLAB\R2012a\bin\win64\icuin44.dll
0x00000000736e0000 - 0x0000000073851000 	C:\Program Files\MATLAB\R2012a\bin\win64\icuuc44.dll
0x0000000010000000 - 0x0000000010e41000 	C:\Program Files\MATLAB\R2012a\bin\win64\icudt44.dll
0x0000000073f70000 - 0x00000000740ad000 	C:\Program Files\MATLAB\R2012a\bin\win64\libmwfl.dll
0x0000000004460000 - 0x0000000004756000 	C:\Program Files\MATLAB\R2012a\bin\win64\libmwMATLAB_res.dll
0x000000007a3b0000 - 0x000000007a3c0000 	C:\Program Files\MATLAB\R2012a\bin\win64\boost_date_time-vc90-mt-1_44.dll
0x000000007a250000 - 0x000000007a263000 	C:\Program Files\MATLAB\R2012a\bin\win64\boost_signals-vc90-mt-1_44.dll
0x000000007a2d0000 - 0x000000007a2e2000 	C:\Program Files\MATLAB\R2012a\bin\win64\boost_thread-vc90-mt-1_44.dll
0x0000000000190000 - 0x00000000001d6000 	C:\Program Files\MATLAB\R2012a\bin\win64\tbb.dll
0x000007fefeeb0000 - 0x000007fefeec9000 	C:\Windows\system32\imagehlp.dll
0x0000000077110000 - 0x0000000077117000 	C:\Windows\system32\PSAPI.DLL
0x0000000062590000 - 0x00000000625a3000 	C:\Program Files\MATLAB\R2012a\bin\win64\icuio44.dll
0x000007fef2e80000 - 0x000007fef2fa5000 	C:\Windows\system32\dbghelp.dll
0x0000000076860000 - 0x000000007695a000 	C:\Windows\system32\USER32.dll
0x000007fefd920000 - 0x000007fefd987000 	C:\Windows\system32\GDI32.dll
0x000007fefed10000 - 0x000007fefed1e000 	C:\Windows\system32\LPK.dll
0x000007fefeed0000 - 0x000007fefef99000 	C:\Windows\system32\USP10.dll
0x000000007bed0000 - 0x000000007c183000 	C:\Program Files\MATLAB\R2012a\bin\win64\libmwservices.dll
0x0000000075a20000 - 0x0000000075ae2000 	C:\Program Files\MATLAB\R2012a\bin\win64\libmx.dll
0x000000007a210000 - 0x000000007a228000 	C:\Program Files\MATLAB\R2012a\bin\win64\zlib1.dll
0x0000000004230000 - 0x0000000004251000 	C:\Program Files\MATLAB\R2012a\bin\win64\libmwmfl_scalar.dll
0x0000000075f10000 - 0x0000000075f5d000 	C:\Program Files\MATLAB\R2012a\bin\win64\mpath.dll
0x000000007b680000 - 0x000000007bbe1000 	C:\Program Files\MATLAB\R2012a\bin\win64\mlutil.dll
0x00000000754c0000 - 0x000000007553f000 	C:\Program Files\MATLAB\R2012a\bin\win64\xmlcore.dll
0x000000007bc30000 - 0x000000007be83000 	C:\Program Files\MATLAB\R2012a\bin\win64\xerces-c_2_7.dll
0x000007fefdba0000 - 0x000007fefdbed000 	C:\Windows\system32\WS2_32.dll
0x000007fefeea0000 - 0x000007fefeea8000 	C:\Windows\system32\NSI.dll
0x00000000042b0000 - 0x00000000042ca000 	C:\Program Files\MATLAB\R2012a\bin\win64\libmwMATLAB_settings_res.dll
0x00000000042e0000 - 0x0000000004327000 	C:\Program Files\MATLAB\R2012a\bin\win64\boost_serialization-vc90-mt-1_44.dll
0x000007fefdbf0000 - 0x000007fefe978000 	C:\Windows\system32\SHELL32.dll
0x000007fefd800000 - 0x000007fefd871000 	C:\Windows\system32\SHLWAPI.dll
0x000007feece50000 - 0x000007feecef0000 	C:\Windows\WinSxS\amd64_microsoft.windows.common-controls_6595b64144ccf1df_5.82.7601.17514_none_a4d6a923711520a9\COMCTL32.dll
0x000007fefec70000 - 0x000007fefed07000 	C:\Windows\system32\COMDLG32.dll
0x000007fefb200000 - 0x000007fefb216000 	C:\Windows\system32\NETAPI32.dll
0x000007fefcce0000 - 0x000007fefccec000 	C:\Windows\system32\netutils.dll
0x000007fefceb0000 - 0x000007fefced3000 	C:\Windows\system32\srvcli.dll
0x000007fefb1e0000 - 0x000007fefb1f5000 	C:\Windows\system32\wkscli.dll
0x000007fefd990000 - 0x000007fefdb93000 	C:\Windows\system32\ole32.dll
0x000007feff170000 - 0x000007feff247000 	C:\Windows\system32\OLEAUT32.dll
0x0000000074970000 - 0x0000000074b06000 	C:\Program Files\MATLAB\R2012a\bin\win64\mcr.dll
0x0000000075000000 - 0x000000007536b000 	C:\Program Files\MATLAB\R2012a\bin\win64\iqm.dll
0x0000000004760000 - 0x0000000004f81000 	C:\Program Files\MATLAB\R2012a\bin\win64\m_interpreter.dll
0x0000000079690000 - 0x00000000796b5000 	C:\Program Files\MATLAB\R2012a\bin\win64\libmex.dll
0x0000000004fb0000 - 0x0000000005063000 	C:\Program Files\MATLAB\R2012a\bin\win64\m_dispatcher.dll
0x0000000074880000 - 0x000000007496d000 	C:\Program Files\MATLAB\R2012a\bin\win64\boost_regex-vc90-mt-1_44.dll
0x00000000753a0000 - 0x0000000075424000 	C:\Program Files\MATLAB\R2012a\bin\win64\profiler.dll
0x00000000050a0000 - 0x00000000052f5000 	C:\Program Files\MATLAB\R2012a\bin\win64\libmwmathutil.dll
0x0000000079f40000 - 0x0000000079f6d000 	C:\Program Files\MATLAB\R2012a\bin\win64\libmwmathrng.dll
0x0000000074c10000 - 0x0000000074ced000 	C:\Program Files\MATLAB\R2012a\bin\win64\libmwmathcore.dll
0x0000000076160000 - 0x00000000761cb000 	C:\Program Files\MATLAB\R2012a\bin\win64\libmwspmatrix.dll
0x0000000075ea0000 - 0x0000000075f02000 	C:\Program Files\MATLAB\R2012a\bin\win64\libmwcholmod.dll
0x000000007a460000 - 0x000000007a46d000 	C:\Program Files\MATLAB\R2012a\bin\win64\libmwamd.dll
0x000000007a4b0000 - 0x000000007a4bc000 	C:\Program Files\MATLAB\R2012a\bin\win64\libmwcolamd.dll
0x00000000625b0000 - 0x00000000625c9000 	C:\Program Files\MATLAB\R2012a\bin\win64\libmwblas.dll
0x0000000061da0000 - 0x0000000061db2000 	C:\Program Files\MATLAB\R2012a\bin\win64\libmwbinder.dll
0x0000000079d30000 - 0x0000000079d3b000 	C:\Program Files\MATLAB\R2012a\bin\win64\libmwompwrapper.dll
0x00000000756c0000 - 0x0000000075746000 	C:\Program Files\MATLAB\R2012a\bin\win64\libmwlapack.dll
0x0000000079230000 - 0x0000000079251000 	C:\Program Files\MATLAB\R2012a\bin\win64\m_pcodeio.dll
0x0000000079b10000 - 0x0000000079b77000 	C:\Program Files\MATLAB\R2012a\bin\win64\m_ir.dll
0x0000000078910000 - 0x0000000078f60000 	C:\Program Files\MATLAB\R2012a\bin\win64\m_parser.dll
0x00000000053e0000 - 0x00000000053fa000 	C:\Program Files\MATLAB\R2012a\bin\win64\ir_xfmr.dll
0x0000000005410000 - 0x0000000005689000 	C:\Program Files\MATLAB\R2012a\bin\win64\mcos.dll
0x0000000079ca0000 - 0x0000000079cac000 	C:\Program Files\MATLAB\R2012a\bin\win64\mtok.dll
0x0000000079780000 - 0x00000000797b1000 	C:\Program Files\MATLAB\R2012a\bin\win64\m_pcodegen.dll
0x0000000079fb0000 - 0x0000000079fe7000 	C:\Program Files\MATLAB\R2012a\bin\win64\libmwbridge.dll
0x00000000056d0000 - 0x0000000005798000 	C:\Program Files\MATLAB\R2012a\bin\win64\udd.dll
0x0000000073570000 - 0x00000000736c2000 	C:\Program Files\MATLAB\R2012a\bin\win64\libmwgui.dll
0x0000000079aa0000 - 0x0000000079ab7000 	C:\Program Files\MATLAB\R2012a\bin\win64\graphics_util.dll
0x00000000057d0000 - 0x0000000006173000 	C:\Program Files\MATLAB\R2012a\bin\win64\hg.dll
0x0000000006190000 - 0x00000000061f7000 	C:\Program Files\MATLAB\R2012a\bin\win64\libmat.dll
0x0000000006210000 - 0x0000000006424000 	C:\Program Files\MATLAB\R2012a\bin\win64\hdf5dll.dll
0x0000000006440000 - 0x00000000064f1000 	C:\Program Files\MATLAB\R2012a\bin\win64\jmi.dll
0x0000000006510000 - 0x000000000651e000 	C:\Program Files\MATLAB\R2012a\bin\win64\nativejava_services.dll
0x0000000075c20000 - 0x0000000075c62000 	C:\Program Files\MATLAB\R2012a\bin\win64\libmwhardcopy.dll
0x0000000075640000 - 0x000000007569a000 	C:\Program Files\MATLAB\R2012a\bin\win64\libuij.dll
0x0000000072500000 - 0x000000007270c000 	C:\Program Files\MATLAB\R2012a\bin\win64\hgdatatypes.dll
0x0000000006560000 - 0x000000000665d000 	C:\Program Files\MATLAB\R2012a\bin\win64\hgutils.dll
0x0000000074e00000 - 0x0000000074ebd000 	C:\Program Files\MATLAB\R2012a\bin\win64\udd_mi.dll
0x0000000006680000 - 0x00000000066bb000 	C:\Program Files\MATLAB\R2012a\bin\win64\libmwgbtutils.dll
0x00000000066d0000 - 0x00000000066e9000 	C:\Program Files\MATLAB\R2012a\bin\win64\libmwgbt.dll
0x0000000006700000 - 0x00000000069ca000 	C:\Program Files\MATLAB\R2012a\bin\win64\uiw.dll
0x0000000079620000 - 0x000000007962f000 	C:\Program Files\MATLAB\R2012a\bin\win64\uinone.dll
0x000007fef96d0000 - 0x000007fef96e8000 	C:\Windows\system32\MPR.dll
0x0000000078270000 - 0x0000000078754000 	C:\Windows\WinSxS\amd64_microsoft.vc90.mfc_1fc8b3b9a1e18e3b_9.0.30729.6161_none_044aad0bab1eb146\mfc90.dll
0x000007fef14a0000 - 0x000007fef14a7000 	C:\Windows\system32\MSIMG32.dll
0x000007fef2280000 - 0x000007fef22f1000 	C:\Windows\system32\WINSPOOL.DRV
0x0000000079630000 - 0x0000000079650000 	C:\Program Files\MATLAB\R2012a\bin\win64\mwoles05.DLL
0x0000000006a00000 - 0x0000000006a7c000 	C:\Program Files\MATLAB\R2012a\bin\win64\comcli.dll
0x0000000006a90000 - 0x0000000006abf000 	C:\Windows\WinSxS\amd64_microsoft.vc90.atl_1fc8b3b9a1e18e3b_9.0.30729.6161_none_0a1fd3a3a768b895\ATL90.DLL
0x0000000079740000 - 0x000000007974c000 	C:\Program Files\MATLAB\R2012a\bin\win64\mlautoregister.dll
0x0000000006ad0000 - 0x0000000006ae0000 	C:\Program Files\MATLAB\R2012a\bin\win64\boost_iostreams-vc90-mt-1_44.dll
0x000007fefd770000 - 0x000007fefd79e000 	C:\Windows\system32\IMM32.DLL
0x000007fefeb60000 - 0x000007fefec69000 	C:\Windows\system32\MSCTF.dll
0x000007fefbc30000 - 0x000007fefbc86000 	C:\Windows\system32\UxTheme.dll
0x000007fefb5d0000 - 0x000007fefb5e8000 	C:\Windows\system32\dwmapi.dll
0x000000005c7e0000 - 0x000000005c7ed000 	C:\Windows\WinSxS\amd64_microsoft.vc90.mfcloc_1fc8b3b9a1e18e3b_9.0.30729.6161_none_01c9581e60cbee58\MFC90ENU.DLL
0x0000000006c30000 - 0x0000000006c59000 	C:\Program Files\MATLAB\R2012a\bin\win64\tbbmalloc.dll
0x000007fefd3a0000 - 0x000007fefd3af000 	C:\Windows\system32\profapi.dll
0x000007fef13b0000 - 0x000007fef13bf000 	C:\Program Files\MATLAB\R2012a\bin\win64\xmlxrcsc.dll
0x000007fefd290000 - 0x000007fefd29f000 	C:\Windows\system32\CRYPTBASE.dll
0x000007fefbe20000 - 0x000007fefc014000 	C:\Windows\WinSxS\amd64_microsoft.windows.common-controls_6595b64144ccf1df_6.0.7601.17514_none_fa396087175ac9ac\comctl32.dll
0x000007fefd230000 - 0x000007fefd287000 	C:\Windows\system32\apphelp.dll
0x000007fefd880000 - 0x000007fefd919000 	C:\Windows\system32\CLBCatQ.DLL
0x000007fefb5f0000 - 0x000007fefb71c000 	C:\Windows\system32\PROPSYS.dll
0x000007feeff90000 - 0x000007feeff9a000 	C:\Windows\System32\drprov.dll
0x000007fefd340000 - 0x000007fefd37d000 	C:\Windows\System32\WINSTA.dll
0x000007feef0f0000 - 0x000007feef112000 	C:\Windows\System32\ntlanman.dll
0x000007feef0d0000 - 0x000007feef0ec000 	C:\Windows\System32\davclnt.dll
0x000007feefd50000 - 0x000007feefd5a000 	C:\Windows\System32\DAVHLPR.dll
0x000007fef0330000 - 0x000007fef033f000 	C:\Windows\system32\cscapi.dll
0x000000000df70000 - 0x000000000e5cd000 	C:\Program Files\MATLAB\R2012a\sys\java\jre\win64\jre\bin\server\jvm.dll
0x000007feef9d0000 - 0x000007feefa0b000 	C:\Windows\system32\WINMM.dll

VM Arguments:
jvm_args: -Xss512k -XX:PermSize=32m -Xms64m -XX:NewRatio=3 -XX:MaxPermSize=128m -Xmx196m -XX:MaxDirectMemorySize=2147400000 -Dsun.java2d.noddraw=true -Dsun.awt.nopixfmt=true -Xshare:off -Xrs -Dsun.awt.disableMixing=true -Djava.library.path=C:\Program Files\MATLAB\R2012a\bin\win64 vfprintf abort 
java_command: <unknown>
Launcher Type: generic

Environment Variables:
PATH=C:\Program Files (x86)\MiKTeX 2.8\miktex\bin;C:\Windows\system32;C:\Windows;C:\Windows\System32\Wbem;C:\Windows\System32\WindowsPowerShell\v1.0\;C:\Program Files\Java\jdk1.6.0_25\jre\bin;C:\Program Files\TortoiseSVN\bin;C:\Windows\System32\Windows System Resource Manager\bin;C:\Program Files\MATLAB\R2012a\runtime\win64;C:\Program Files\MATLAB\R2012a\bin
USERNAME=dmh1993
OS=Windows_NT
PROCESSOR_IDENTIFIER=Intel64 Family 6 Model 23 Stepping 6, GenuineIntel



---------------  S Y S T E M  ---------------

OS: Windows Server 2008 R2 Build 7601 Service Pack 1

CPU:total 8 (4 cores per cpu, 1 threads per core) family 6 model 23 stepping 6, cmov, cx8, fxsr, mmx, sse, sse2, sse3, ssse3, sse4.1

Memory: 4k page, physical 16772032k(9628136k free), swap 33542212k(25738420k free)

vm_info: Java HotSpot(TM) 64-Bit Server VM (14.3-b01) for windows-amd64 JRE (1.6.0_17-b04), built on Oct 11 2009 00:46:08 by "java_re" with MS VC++ 8.0

time: Tue Jul 17 21:29:08 2012
elapsed time: 522 seconds

